Exporter version: 6.2.0, Blender version: 2.80 (sub 75)
========= Conversion from Blender to Babylon.js =========
	Scene settings used :
		inline textures     :  false
		Material Type       :  PBR
		Positions Precision :  4
		Normals Precision   :  3
		UVs Precision       :  3
		Vert Color Precision:  3
		Mat Weight Precision:  2
		texture directory   :  /Users/MaxYinGonG/Desktop/
	Python World class constructor completed
	WARNING: No active camera has been assigned, or is not in a currently selected Blender layer
	processing begun of mesh:  p2
		processing begun of material:  material_293
		processing begun of material:  __Cornsilk_
		processing begun of material:  material_291
		processing begun of material:  Blue7
		processing begun of material:  __Dark_Brown_
		processing begun of material:  __Beige_1
		processing begun of material:  __Tan_1
		processing begun of material:  __Charcoal_
		processing begun of material:  material_290
		processing begun of material:  __Pale_Brown_
		processing begun of material:  material_292
		processing begun of material:  material
		processing begun of material:  edge_color000255
		processing begun of multimaterial:  _2.Multimaterial#0
		num positions      :  884
		num normals        :  884
		num tangents       :  0
		num uvs            :  0
		num uvs2           :  0
		num colors         :  0
		num indices        :  2238
========= Writing of JSON file started =========
	writing mesh:  p2
========= Writing of JSON file completed =========
========= end of processing =========
elapsed time:  0 min, 0.0539 secs
