Exporter version: 6.2.0, Blender version: 2.80 (sub 75)
========= Conversion from Blender to Babylon.js =========
	Scene settings used :
		inline textures     :  false
		Material Type       :  PBR
		Positions Precision :  4
		Normals Precision   :  3
		UVs Precision       :  3
		Vert Color Precision:  3
		Mat Weight Precision:  2
		texture directory   :  /Users/MaxYinGonG/Desktop/
	Python World class constructor completed
	WARNING: No active camera has been assigned, or is not in a currently selected Blender layer
	processing begun of mesh:  p3
		processing begun of material:  material_302
		processing begun of material:  __Khaki_
		processing begun of material:  Medium_Brown
		processing begun of material:  material_304
		processing begun of material:  Material148
		processing begun of material:  material_306
		processing begun of material:  Beige
		processing begun of material:  __SaddleBrown_
		processing begun of material:  __Silver_
		processing begun of material:  material_303
		processing begun of material:  gold_fur
		processing begun of material:  __Charcoal_1
		processing begun of material:  material_305
		processing begun of material:  edge_color000255
		processing begun of multimaterial:  _3.Multimaterial#0
		num positions      :  944
		num normals        :  944
		num tangents       :  0
		num uvs            :  0
		num uvs2           :  0
		num colors         :  0
		num indices        :  2592
========= Writing of JSON file started =========
	writing mesh:  p3
========= Writing of JSON file completed =========
========= end of processing =========
elapsed time:  0 min, 0.0581 secs
