Exporter version: 6.2.0, Blender version: 2.80 (sub 75)
========= Conversion from Blender to Babylon.js =========
	Scene settings used :
		inline textures     :  false
		Material Type       :  PBR
		Positions Precision :  4
		Normals Precision   :  3
		UVs Precision       :  3
		Vert Color Precision:  3
		Mat Weight Precision:  2
		texture directory   :  /Users/MaxYinGonG/Desktop/
	Python World class constructor completed
	WARNING: No active camera has been assigned, or is not in a currently selected Blender layer
	processing begun of mesh:  p4
		processing begun of material:  __Charcoal_
		processing begun of material:  material_296
		processing begun of material:  material_300
		processing begun of material:  __Gray_1
		processing begun of material:  material_298
		processing begun of material:  __PaleGoldenrod_
		processing begun of material:  material_301
		processing begun of material:  __Red_
		processing begun of material:  __Black_
		processing begun of material:  __WhiteSmoke_
		processing begun of material:  material_295
		processing begun of material:  __SaddleBrown_
		processing begun of material:  edge_color000255
		processing begun of material:  edge_color177212255255
		processing begun of multimaterial:  _4.Multimaterial#0
		num positions      :  756
		num normals        :  756
		num tangents       :  0
		num uvs            :  0
		num uvs2           :  0
		num colors         :  0
		num indices        :  1944
========= Writing of JSON file started =========
	writing mesh:  p4
========= Writing of JSON file completed =========
========= end of processing =========
elapsed time:  0 min, 0.0429 secs
