Exporter version: 6.2.0, Blender version: 2.80 (sub 75)
========= Conversion from Blender to Babylon.js =========
	Scene settings used :
		inline textures     :  false
		Material Type       :  PBR
		Positions Precision :  4
		Normals Precision   :  3
		UVs Precision       :  3
		Vert Color Precision:  3
		Mat Weight Precision:  2
		texture directory   :  /Users/MaxYinGonG/Desktop/
	Python World class constructor completed
	WARNING: No active camera has been assigned, or is not in a currently selected Blender layer
	processing begun of mesh:  p7
		processing begun of material:  __Charcoal_
		processing begun of material:  material_281
		processing begun of material:  material_282
		processing begun of material:  __DimGray_
		processing begun of material:  __Beige_3
		processing begun of material:  __Burnt_Umber_1
		processing begun of material:  material_286
		processing begun of material:  __DarkGray_
		processing begun of material:  material_284
		processing begun of material:  __Maroon_
		processing begun of material:  jean_blue
		processing begun of material:  edge_color000255
		processing begun of material:  edge_color353535255
		processing begun of multimaterial:  _7.Multimaterial#0
		num positions      :  942
		num normals        :  942
		num tangents       :  0
		num uvs            :  0
		num uvs2           :  0
		num colors         :  0
		num indices        :  2544
========= Writing of JSON file started =========
	writing mesh:  p7
========= Writing of JSON file completed =========
========= end of processing =========
elapsed time:  0 min, 0.0554 secs
